<?xml version="1.0" encoding="UTF-8"?>
<!-- Generated by org.testng.reporters.JUnitXMLReporter -->
<testsuite ignored="0" hostname="DESKTOP-9G2RSCN" failures="0" tests="4" name="Surefire test" time="37.119" errors="0" timestamp="2023-02-09T11:33:14 IST">
  <testcase classname="com.info.tests.HomePageTest" name="validateUserIdTextBox" time="1.166"/>
  <testcase classname="com.info.tests.HomePageTest" name="validatetheLoginwithProperCredentials" time="2.324"/>
  <testcase classname="com.info.tests.HomePageTest" name="validateThe_Password__textBox" time="0.001"/>
  <testcase classname="com.info.tests.StationLocationSerchTest" name="main" time="5.294"/>
</testsuite> <!-- Surefire test -->
