<?xml version="1.0" encoding="UTF-8"?>
<testng-results ignored="0" total="1" passed="1" failed="0" skipped="0">
  <reporter-output>
  </reporter-output>
  <suite started-at="2022-12-09T08:20:41 IST" name="Surefire suite" finished-at="2022-12-09T08:20:41 IST" duration-ms="83">
    <groups>
    </groups>
    <test started-at="2022-12-09T08:20:41 IST" name="Surefire test" finished-at="2022-12-09T08:20:41 IST" duration-ms="83">
      <class name="com.info.tests.LandingPageTest">
        <test-method signature="test()[pri:0, instance:com.info.tests.LandingPageTest@77102b91]" started-at="2022-12-09T08:20:41 IST" name="test" finished-at="2022-12-09T08:20:41 IST" duration-ms="22" status="PASS">
          <reporter-output>
          </reporter-output>
        </test-method> <!-- test -->
      </class> <!-- com.info.tests.LandingPageTest -->
    </test> <!-- Surefire test -->
  </suite> <!-- Surefire suite -->
</testng-results>
