<?xml version="1.0" encoding="UTF-8"?>
<!-- Generated by org.testng.reporters.JUnitXMLReporter -->
<testsuite ignored="1" hostname="DESKTOP-81QTSJV" failures="0" tests="1" name="Default test" time="19.876" errors="0" timestamp="2022-12-12T09:52:57 IST">
  <testcase classname="com.info.tests.HomePageTest" name="validateUserIdTextBox" time="0.935"/>
  <testcase classname="com.info.tests.HomePageTest" name="validatetheLoginwithProperCredentials" time="0.0">
    <ignored/>
  </testcase> <!-- validatetheLoginwithProperCredentials -->
</testsuite> <!-- Default test -->
