<?xml version="1.0" encoding="UTF-8"?>
<testng-results ignored="1" total="2" passed="1" failed="0" skipped="0">
  <reporter-output>
  </reporter-output>
  <suite started-at="2022-12-12T09:52:38 IST" name="Default suite" finished-at="2022-12-12T09:52:57 IST" duration-ms="19876">
    <groups>
    </groups>
    <test started-at="2022-12-12T09:52:38 IST" name="Default test" finished-at="2022-12-12T09:52:57 IST" duration-ms="19876">
      <class name="com.info.tests.HomePageTest">
        <test-method is-config="true" signature="setup()[pri:0, instance:com.info.tests.HomePageTest@7642df8f]" started-at="2022-12-12T09:52:38 IST" name="setup" finished-at="2022-12-12T09:52:56 IST" duration-ms="18458" status="PASS">
          <reporter-output>
          </reporter-output>
        </test-method> <!-- setup -->
        <test-method signature="validateUserIdTextBox()[pri:0, instance:com.info.tests.HomePageTest@7642df8f]" started-at="2022-12-12T09:52:56 IST" name="validateUserIdTextBox" finished-at="2022-12-12T09:52:57 IST" duration-ms="935" status="PASS">
          <reporter-output>
          </reporter-output>
        </test-method> <!-- validateUserIdTextBox -->
        <test-method is-config="true" signature="closeAll()[pri:0, instance:com.info.tests.HomePageTest@7642df8f]" started-at="2022-12-12T09:52:57 IST" name="closeAll" finished-at="2022-12-12T09:52:57 IST" duration-ms="413" status="PASS">
          <reporter-output>
          </reporter-output>
        </test-method> <!-- closeAll -->
      </class> <!-- com.info.tests.HomePageTest -->
    </test> <!-- Default test -->
  </suite> <!-- Default suite -->
</testng-results>
